INFO:sim:172 - Generating IP...
Applying current project options...
Finished applying current project options.
WARNING:sim - A core named 'vga_ram' already exists in the project. Output
   products for this core may be overwritten.
Resolving generics for 'vga_ram'...
WARNING:sim - A core named 'vga_ram' already exists in the project. Output
   products for this core may be overwritten.
Applying external generics to 'vga_ram'...
Delivering associated files for 'vga_ram'...
Delivering EJava files for 'vga_ram'...
Generating implementation netlist for 'vga_ram'...
INFO:sim - Pre-processing HDL files for 'vga_ram'...
Running synthesis for 'vga_ram'
Running ngcbuild...
Writing VHO instantiation template for 'vga_ram'...
Writing VHDL behavioral simulation model for 'vga_ram'...
WARNING:sim - Overwriting existing file
   /home/sunzhenbo/14.6/ISE_DS/ComputerComposition/pipeline/ipcore_dir/tmp/_cg/v
   ga_ram/doc/blk_mem_gen_v7_3_vinfo.html with file from view
   xilinx_documentation
Delivered 1 file into directory
/home/sunzhenbo/14.6/ISE_DS/ComputerComposition/pipeline/ipcore_dir/tmp/_cg/vga_
ram
Generating ASY schematic symbol...
INFO:sim:949 - Finished generation of ASY schematic symbol.
Generating SYM schematic symbol for 'vga_ram'...
Generating metadata file...
Regenerating ISE project file for 'vga_ram'...
Generating ISE project...
XCO file found: vga_ram.xco
XMDF file found: vga_ram_xmdf.tcl
Adding
/home/sunzhenbo/14.6/ISE_DS/ComputerComposition/pipeline/ipcore_dir/tmp/_cg/vga_
ram.asy -view all -origin_type imported
Adding
/home/sunzhenbo/14.6/ISE_DS/ComputerComposition/pipeline/ipcore_dir/tmp/_cg/vga_
ram.ngc -view all -origin_type created
Checking file
"/home/sunzhenbo/14.6/ISE_DS/ComputerComposition/pipeline/ipcore_dir/tmp/_cg/vga
_ram.ngc" for project device match ...
File
"/home/sunzhenbo/14.6/ISE_DS/ComputerComposition/pipeline/ipcore_dir/tmp/_cg/vga
_ram.ngc" device information matches project device.
Adding
/home/sunzhenbo/14.6/ISE_DS/ComputerComposition/pipeline/ipcore_dir/tmp/_cg/vga_
ram.sym -view all -origin_type imported
Adding
/home/sunzhenbo/14.6/ISE_DS/ComputerComposition/pipeline/ipcore_dir/tmp/_cg/vga_
ram.vhd -view all -origin_type created
INFO:HDLCompiler:1061 - Parsing VHDL file
   "/home/sunzhenbo/14.6/ISE_DS/ComputerComposition/pipeline/ipcore_dir/tmp/_cg/
   vga_ram.vhd" into library work
INFO:ProjectMgmt - Parsing design hierarchy completed successfully.
Adding
/home/sunzhenbo/14.6/ISE_DS/ComputerComposition/pipeline/ipcore_dir/tmp/_cg/vga_
ram.vho -view all -origin_type imported
INFO:TclTasksC:2116 - The automatic calculation of top has been turned-off.
   Please set the new top explicitly by running the "project set top" command.
   To re-calculate the new top automatically, set the "Auto Implementation Top"
   property to true.
Top level has been set to "/vga_ram"
Generating README file...
Generating FLIST file...
INFO:sim:948 - Finished FLIST file generation.
Launching README viewer...
Moving files to output directory...
Finished moving files to output directory
Wrote CGP file for project 'vga_ram'.
